app/build/intermediates/manifest_merge_blame_file/debug/manifest-merger-blame-debug-report.txt
1<?xml version="1.0" encoding="utf-8"?>
2<manifest xmlns:android="http://schemas.android.com/apk/res/android"
3    package="com.zeeshanelahi.barcodescannerandcameraxdemo"
4    android:versionCode="1"
5    android:versionName="1.0" >
6
7    <uses-sdk
8        android:minSdkVersion="24"
9        android:targetSdkVersion="34" />
10
11    <uses-feature android:name="android.hardware.camera.autofocus" />
11-->src\main\AndroidManifest.xml:4:5-70
11-->src\main\AndroidManifest.xml:4:19-67
12    <uses-feature android:name="android.hardware.camera" />
12-->src\main\AndroidManifest.xml:5:5-60
12-->src\main\AndroidManifest.xml:5:19-57
13    <uses-feature android:name="android.hardware.camera.flash" />
13-->src\main\AndroidManifest.xml:6:5-66
13-->src\main\AndroidManifest.xml:6:19-63
14
15    <uses-permission android:name="android.permission.CAMERA" />
15-->src\main\AndroidManifest.xml:8:5-65
15-->src\main\AndroidManifest.xml:8:22-62
16    <uses-permission android:name="android.permission.FLASHLIGHT" />
16-->src\main\AndroidManifest.xml:9:5-68
16-->src\main\AndroidManifest.xml:9:22-66
17    <uses-permission android:name="android.permission.INTERNET" />
17-->src\main\AndroidManifest.xml:10:5-67
17-->src\main\AndroidManifest.xml:10:22-64
18    <!-- Although the *SdkVersion is captured in gradle build files, this is required for non gradle builds -->
19    <!-- <uses-sdk android:minSdkVersion="14"/> -->
20    <uses-permission android:name="android.permission.ACCESS_NETWORK_STATE" />
20-->[com.google.firebase:firebase-database:20.2.2] AndroidManifest.xml:24:5-79
20-->[com.google.firebase:firebase-database:20.2.2] AndroidManifest.xml:24:22-76
21    <uses-permission android:name="android.permission.WAKE_LOCK" />
21-->[com.google.android.gms:play-services-measurement-api:21.3.0] AndroidManifest.xml:24:5-68
21-->[com.google.android.gms:play-services-measurement-api:21.3.0] AndroidManifest.xml:24:22-65
22    <uses-permission android:name="com.google.android.gms.permission.AD_ID" />
22-->[com.google.android.gms:play-services-measurement-api:21.3.0] AndroidManifest.xml:25:5-79
22-->[com.google.android.gms:play-services-measurement-api:21.3.0] AndroidManifest.xml:25:22-76
23    <uses-permission android:name="com.google.android.finsky.permission.BIND_GET_INSTALL_REFERRER_SERVICE" />
23-->[com.google.android.gms:play-services-measurement:21.3.0] AndroidManifest.xml:26:5-110
23-->[com.google.android.gms:play-services-measurement:21.3.0] AndroidManifest.xml:26:22-107
24
25    <permission
25-->[androidx.core:core:1.9.0] AndroidManifest.xml:22:5-24:47
26        android:name="com.zeeshanelahi.barcodescannerandcameraxdemo.DYNAMIC_RECEIVER_NOT_EXPORTED_PERMISSION"
26-->[androidx.core:core:1.9.0] AndroidManifest.xml:23:9-81
27        android:protectionLevel="signature" />
27-->[androidx.core:core:1.9.0] AndroidManifest.xml:24:9-44
28
29    <uses-permission android:name="com.zeeshanelahi.barcodescannerandcameraxdemo.DYNAMIC_RECEIVER_NOT_EXPORTED_PERMISSION" />
29-->[androidx.core:core:1.9.0] AndroidManifest.xml:26:5-97
29-->[androidx.core:core:1.9.0] AndroidManifest.xml:26:22-94
30
31    <application
31-->src\main\AndroidManifest.xml:12:5-41:19
32        android:allowBackup="true"
32-->src\main\AndroidManifest.xml:13:9-35
33        android:appComponentFactory="androidx.core.app.CoreComponentFactory"
33-->[androidx.core:core:1.9.0] AndroidManifest.xml:28:18-86
34        android:debuggable="true"
35        android:extractNativeLibs="false"
36        android:icon="@mipmap/ic_launcher"
36-->src\main\AndroidManifest.xml:14:9-43
37        android:label="Quét mssv"
37-->src\main\AndroidManifest.xml:15:9-34
38        android:roundIcon="@mipmap/ic_launcher_round"
38-->src\main\AndroidManifest.xml:16:9-54
39        android:supportsRtl="true"
39-->src\main\AndroidManifest.xml:17:9-35
40        android:testOnly="true"
41        android:theme="@style/AppTheme"
41-->src\main\AndroidManifest.xml:18:9-40
42        android:usesCleartextTraffic="true" >
42-->src\main\AndroidManifest.xml:19:9-44
43        <meta-data
43-->src\main\AndroidManifest.xml:21:9-23:68
44            android:name="com.google.android.gms.version"
44-->src\main\AndroidManifest.xml:22:13-58
45            android:value="@integer/google_play_services_version" />
45-->src\main\AndroidManifest.xml:23:13-66
46
47        <activity
47-->src\main\AndroidManifest.xml:25:9-32:20
48            android:name="com.zeeshanelahi.barcodescannerandcameraxdemo.view.MenuActivity"
48-->src\main\AndroidManifest.xml:26:13-46
49            android:exported="true" >
49-->src\main\AndroidManifest.xml:27:13-36
50            <intent-filter>
50-->src\main\AndroidManifest.xml:28:13-31:29
51                <action android:name="android.intent.action.MAIN" />
51-->src\main\AndroidManifest.xml:29:17-69
51-->src\main\AndroidManifest.xml:29:25-66
52
53                <category android:name="android.intent.category.LAUNCHER" />
53-->src\main\AndroidManifest.xml:30:17-77
53-->src\main\AndroidManifest.xml:30:27-74
54            </intent-filter>
55        </activity>
56        <activity android:name="com.zeeshanelahi.barcodescannerandcameraxdemo.view.BarcodeScannerActivity" >
56-->src\main\AndroidManifest.xml:34:9-36:20
56-->src\main\AndroidManifest.xml:35:13-56
57        </activity>
58        <activity android:name="com.zeeshanelahi.barcodescannerandcameraxdemo.view.SettingActivity" >
58-->src\main\AndroidManifest.xml:38:9-40:20
58-->src\main\AndroidManifest.xml:39:13-49
59        </activity>
60
61        <service
61-->[androidx.room:room-runtime:2.6.0] AndroidManifest.xml:24:9-28:63
62            android:name="androidx.room.MultiInstanceInvalidationService"
62-->[androidx.room:room-runtime:2.6.0] AndroidManifest.xml:25:13-74
63            android:directBootAware="true"
63-->[androidx.room:room-runtime:2.6.0] AndroidManifest.xml:26:13-43
64            android:exported="false" />
64-->[androidx.room:room-runtime:2.6.0] AndroidManifest.xml:27:13-37
65        <service
65-->[com.google.firebase:firebase-database:20.2.2] AndroidManifest.xml:28:9-34:19
66            android:name="com.google.firebase.components.ComponentDiscoveryService"
66-->[com.google.firebase:firebase-database:20.2.2] AndroidManifest.xml:29:13-84
67            android:directBootAware="true"
67-->[com.google.firebase:firebase-common:20.3.3] AndroidManifest.xml:34:13-43
68            android:exported="false" >
68-->[com.google.firebase:firebase-database:20.2.2] AndroidManifest.xml:30:13-37
69            <meta-data
69-->[com.google.firebase:firebase-database:20.2.2] AndroidManifest.xml:31:13-33:85
70                android:name="com.google.firebase.components:com.google.firebase.database.DatabaseRegistrar"
70-->[com.google.firebase:firebase-database:20.2.2] AndroidManifest.xml:32:17-109
71                android:value="com.google.firebase.components.ComponentRegistrar" />
71-->[com.google.firebase:firebase-database:20.2.2] AndroidManifest.xml:33:17-82
72            <meta-data
72-->[com.google.android.gms:play-services-measurement-api:21.3.0] AndroidManifest.xml:31:13-33:85
73                android:name="com.google.firebase.components:com.google.firebase.analytics.connector.internal.AnalyticsConnectorRegistrar"
73-->[com.google.android.gms:play-services-measurement-api:21.3.0] AndroidManifest.xml:32:17-139
74                android:value="com.google.firebase.components.ComponentRegistrar" />
74-->[com.google.android.gms:play-services-measurement-api:21.3.0] AndroidManifest.xml:33:17-82
75            <meta-data
75-->[com.google.firebase:firebase-installations:17.1.4] AndroidManifest.xml:15:13-17:85
76                android:name="com.google.firebase.components:com.google.firebase.installations.FirebaseInstallationsRegistrar"
76-->[com.google.firebase:firebase-installations:17.1.4] AndroidManifest.xml:16:17-127
77                android:value="com.google.firebase.components.ComponentRegistrar" />
77-->[com.google.firebase:firebase-installations:17.1.4] AndroidManifest.xml:17:17-82
78        </service>
79
80        <provider
80-->[com.google.firebase:firebase-common:20.3.3] AndroidManifest.xml:25:9-30:39
81            android:name="com.google.firebase.provider.FirebaseInitProvider"
81-->[com.google.firebase:firebase-common:20.3.3] AndroidManifest.xml:26:13-77
82            android:authorities="com.zeeshanelahi.barcodescannerandcameraxdemo.firebaseinitprovider"
82-->[com.google.firebase:firebase-common:20.3.3] AndroidManifest.xml:27:13-72
83            android:directBootAware="true"
83-->[com.google.firebase:firebase-common:20.3.3] AndroidManifest.xml:28:13-43
84            android:exported="false"
84-->[com.google.firebase:firebase-common:20.3.3] AndroidManifest.xml:29:13-37
85            android:initOrder="100" />
85-->[com.google.firebase:firebase-common:20.3.3] AndroidManifest.xml:30:13-36
86        <provider
86-->[androidx.emoji2:emoji2:1.2.0] AndroidManifest.xml:24:9-32:20
87            android:name="androidx.startup.InitializationProvider"
87-->[androidx.emoji2:emoji2:1.2.0] AndroidManifest.xml:25:13-67
88            android:authorities="com.zeeshanelahi.barcodescannerandcameraxdemo.androidx-startup"
88-->[androidx.emoji2:emoji2:1.2.0] AndroidManifest.xml:26:13-68
89            android:exported="false" >
89-->[androidx.emoji2:emoji2:1.2.0] AndroidManifest.xml:27:13-37
90            <meta-data
90-->[androidx.emoji2:emoji2:1.2.0] AndroidManifest.xml:29:13-31:52
91                android:name="androidx.emoji2.text.EmojiCompatInitializer"
91-->[androidx.emoji2:emoji2:1.2.0] AndroidManifest.xml:30:17-75
92                android:value="androidx.startup" />
92-->[androidx.emoji2:emoji2:1.2.0] AndroidManifest.xml:31:17-49
93            <meta-data
93-->[androidx.lifecycle:lifecycle-process:2.6.2] AndroidManifest.xml:29:13-31:52
94                android:name="androidx.lifecycle.ProcessLifecycleInitializer"
94-->[androidx.lifecycle:lifecycle-process:2.6.2] AndroidManifest.xml:30:17-78
95                android:value="androidx.startup" />
95-->[androidx.lifecycle:lifecycle-process:2.6.2] AndroidManifest.xml:31:17-49
96            <meta-data
96-->[androidx.profileinstaller:profileinstaller:1.3.0] AndroidManifest.xml:29:13-31:52
97                android:name="androidx.profileinstaller.ProfileInstallerInitializer"
97-->[androidx.profileinstaller:profileinstaller:1.3.0] AndroidManifest.xml:30:17-85
98                android:value="androidx.startup" />
98-->[androidx.profileinstaller:profileinstaller:1.3.0] AndroidManifest.xml:31:17-49
99        </provider>
100
101        <service
101-->[com.google.android.gms:play-services-mlkit-barcode-scanning:16.0.0] AndroidManifest.xml:9:9-15:19
102            android:name="com.google.mlkit.common.internal.MlKitComponentDiscoveryService"
102-->[com.google.android.gms:play-services-mlkit-barcode-scanning:16.0.0] AndroidManifest.xml:10:13-91
103            android:directBootAware="true"
103-->[com.google.mlkit:common:16.0.0] AndroidManifest.xml:17:13-43
104            android:exported="false" >
104-->[com.google.android.gms:play-services-mlkit-barcode-scanning:16.0.0] AndroidManifest.xml:11:13-37
105            <meta-data
105-->[com.google.android.gms:play-services-mlkit-barcode-scanning:16.0.0] AndroidManifest.xml:12:13-14:85
106                android:name="com.google.firebase.components:com.google.mlkit.vision.barcode.internal.BarcodeRegistrar"
106-->[com.google.android.gms:play-services-mlkit-barcode-scanning:16.0.0] AndroidManifest.xml:13:17-120
107                android:value="com.google.firebase.components.ComponentRegistrar" />
107-->[com.google.android.gms:play-services-mlkit-barcode-scanning:16.0.0] AndroidManifest.xml:14:17-82
108            <meta-data
108-->[com.google.mlkit:vision-common:16.0.0] AndroidManifest.xml:12:13-14:85
109                android:name="com.google.firebase.components:com.google.mlkit.vision.common.internal.VisionCommonRegistrar"
109-->[com.google.mlkit:vision-common:16.0.0] AndroidManifest.xml:13:17-124
110                android:value="com.google.firebase.components.ComponentRegistrar" />
110-->[com.google.mlkit:vision-common:16.0.0] AndroidManifest.xml:14:17-82
111            <meta-data
111-->[com.google.mlkit:common:16.0.0] AndroidManifest.xml:20:13-22:85
112                android:name="com.google.firebase.components:com.google.mlkit.common.internal.CommonComponentRegistrar"
112-->[com.google.mlkit:common:16.0.0] AndroidManifest.xml:21:17-120
113                android:value="com.google.firebase.components.ComponentRegistrar" />
113-->[com.google.mlkit:common:16.0.0] AndroidManifest.xml:22:17-82
114        </service>
115
116        <provider
116-->[com.google.mlkit:common:16.0.0] AndroidManifest.xml:9:9-13:38
117            android:name="com.google.mlkit.common.internal.MlKitInitProvider"
117-->[com.google.mlkit:common:16.0.0] AndroidManifest.xml:10:13-78
118            android:authorities="com.zeeshanelahi.barcodescannerandcameraxdemo.mlkitinitprovider"
118-->[com.google.mlkit:common:16.0.0] AndroidManifest.xml:11:13-69
119            android:exported="false"
119-->[com.google.mlkit:common:16.0.0] AndroidManifest.xml:12:13-37
120            android:initOrder="99" />
120-->[com.google.mlkit:common:16.0.0] AndroidManifest.xml:13:13-35
121
122        <receiver
122-->[com.google.android.gms:play-services-measurement:21.3.0] AndroidManifest.xml:29:9-33:20
123            android:name="com.google.android.gms.measurement.AppMeasurementReceiver"
123-->[com.google.android.gms:play-services-measurement:21.3.0] AndroidManifest.xml:30:13-85
124            android:enabled="true"
124-->[com.google.android.gms:play-services-measurement:21.3.0] AndroidManifest.xml:31:13-35
125            android:exported="false" >
125-->[com.google.android.gms:play-services-measurement:21.3.0] AndroidManifest.xml:32:13-37
126        </receiver>
127
128        <service
128-->[com.google.android.gms:play-services-measurement:21.3.0] AndroidManifest.xml:35:9-38:40
129            android:name="com.google.android.gms.measurement.AppMeasurementService"
129-->[com.google.android.gms:play-services-measurement:21.3.0] AndroidManifest.xml:36:13-84
130            android:enabled="true"
130-->[com.google.android.gms:play-services-measurement:21.3.0] AndroidManifest.xml:37:13-35
131            android:exported="false" />
131-->[com.google.android.gms:play-services-measurement:21.3.0] AndroidManifest.xml:38:13-37
132        <service
132-->[com.google.android.gms:play-services-measurement:21.3.0] AndroidManifest.xml:39:9-43:72
133            android:name="com.google.android.gms.measurement.AppMeasurementJobService"
133-->[com.google.android.gms:play-services-measurement:21.3.0] AndroidManifest.xml:40:13-87
134            android:enabled="true"
134-->[com.google.android.gms:play-services-measurement:21.3.0] AndroidManifest.xml:41:13-35
135            android:exported="false"
135-->[com.google.android.gms:play-services-measurement:21.3.0] AndroidManifest.xml:42:13-37
136            android:permission="android.permission.BIND_JOB_SERVICE" />
136-->[com.google.android.gms:play-services-measurement:21.3.0] AndroidManifest.xml:43:13-69
137
138        <activity
138-->[com.google.android.gms:play-services-base:18.1.0] AndroidManifest.xml:20:9-22:45
139            android:name="com.google.android.gms.common.api.GoogleApiActivity"
139-->[com.google.android.gms:play-services-base:18.1.0] AndroidManifest.xml:20:19-85
140            android:exported="false"
140-->[com.google.android.gms:play-services-base:18.1.0] AndroidManifest.xml:22:19-43
141            android:theme="@android:style/Theme.Translucent.NoTitleBar" />
141-->[com.google.android.gms:play-services-base:18.1.0] AndroidManifest.xml:21:19-78
142
143        <uses-library
143-->[androidx.window:window:1.0.0] AndroidManifest.xml:25:9-27:40
144            android:name="androidx.window.extensions"
144-->[androidx.window:window:1.0.0] AndroidManifest.xml:26:13-54
145            android:required="false" />
145-->[androidx.window:window:1.0.0] AndroidManifest.xml:27:13-37
146        <uses-library
146-->[androidx.window:window:1.0.0] AndroidManifest.xml:28:9-30:40
147            android:name="androidx.window.sidecar"
147-->[androidx.window:window:1.0.0] AndroidManifest.xml:29:13-51
148            android:required="false" />
148-->[androidx.window:window:1.0.0] AndroidManifest.xml:30:13-37
149
150        <receiver
150-->[androidx.profileinstaller:profileinstaller:1.3.0] AndroidManifest.xml:34:9-52:20
151            android:name="androidx.profileinstaller.ProfileInstallReceiver"
151-->[androidx.profileinstaller:profileinstaller:1.3.0] AndroidManifest.xml:35:13-76
152            android:directBootAware="false"
152-->[androidx.profileinstaller:profileinstaller:1.3.0] AndroidManifest.xml:36:13-44
153            android:enabled="true"
153-->[androidx.profileinstaller:profileinstaller:1.3.0] AndroidManifest.xml:37:13-35
154            android:exported="true"
154-->[androidx.profileinstaller:profileinstaller:1.3.0] AndroidManifest.xml:38:13-36
155            android:permission="android.permission.DUMP" >
155-->[androidx.profileinstaller:profileinstaller:1.3.0] AndroidManifest.xml:39:13-57
156            <intent-filter>
156-->[androidx.profileinstaller:profileinstaller:1.3.0] AndroidManifest.xml:40:13-42:29
157                <action android:name="androidx.profileinstaller.action.INSTALL_PROFILE" />
157-->[androidx.profileinstaller:profileinstaller:1.3.0] AndroidManifest.xml:41:17-91
157-->[androidx.profileinstaller:profileinstaller:1.3.0] AndroidManifest.xml:41:25-88
158            </intent-filter>
159            <intent-filter>
159-->[androidx.profileinstaller:profileinstaller:1.3.0] AndroidManifest.xml:43:13-45:29
160                <action android:name="androidx.profileinstaller.action.SKIP_FILE" />
160-->[androidx.profileinstaller:profileinstaller:1.3.0] AndroidManifest.xml:44:17-85
160-->[androidx.profileinstaller:profileinstaller:1.3.0] AndroidManifest.xml:44:25-82
161            </intent-filter>
162            <intent-filter>
162-->[androidx.profileinstaller:profileinstaller:1.3.0] AndroidManifest.xml:46:13-48:29
163                <action android:name="androidx.profileinstaller.action.SAVE_PROFILE" />
163-->[androidx.profileinstaller:profileinstaller:1.3.0] AndroidManifest.xml:47:17-88
163-->[androidx.profileinstaller:profileinstaller:1.3.0] AndroidManifest.xml:47:25-85
164            </intent-filter>
165            <intent-filter>
165-->[androidx.profileinstaller:profileinstaller:1.3.0] AndroidManifest.xml:49:13-51:29
166                <action android:name="androidx.profileinstaller.action.BENCHMARK_OPERATION" />
166-->[androidx.profileinstaller:profileinstaller:1.3.0] AndroidManifest.xml:50:17-95
166-->[androidx.profileinstaller:profileinstaller:1.3.0] AndroidManifest.xml:50:25-92
167            </intent-filter>
168        </receiver>
169
170        <service
170-->[com.google.android.datatransport:transport-backend-cct:2.2.2] AndroidManifest.xml:29:9-35:19
171            android:name="com.google.android.datatransport.runtime.backends.TransportBackendDiscovery"
171-->[com.google.android.datatransport:transport-backend-cct:2.2.2] AndroidManifest.xml:30:13-103
172            android:exported="false" >
172-->[com.google.android.datatransport:transport-backend-cct:2.2.2] AndroidManifest.xml:31:13-37
173            <meta-data
173-->[com.google.android.datatransport:transport-backend-cct:2.2.2] AndroidManifest.xml:32:13-34:39
174                android:name="backend:com.google.android.datatransport.cct.CctBackendFactory"
174-->[com.google.android.datatransport:transport-backend-cct:2.2.2] AndroidManifest.xml:33:17-94
175                android:value="cct" />
175-->[com.google.android.datatransport:transport-backend-cct:2.2.2] AndroidManifest.xml:34:17-36
176        </service>
177        <service
177-->[com.google.android.datatransport:transport-runtime:2.2.2] AndroidManifest.xml:26:9-30:19
178            android:name="com.google.android.datatransport.runtime.scheduling.jobscheduling.JobInfoSchedulerService"
178-->[com.google.android.datatransport:transport-runtime:2.2.2] AndroidManifest.xml:27:13-117
179            android:exported="false"
179-->[com.google.android.datatransport:transport-runtime:2.2.2] AndroidManifest.xml:28:13-37
180            android:permission="android.permission.BIND_JOB_SERVICE" >
180-->[com.google.android.datatransport:transport-runtime:2.2.2] AndroidManifest.xml:29:13-69
181        </service>
182
183        <receiver
183-->[com.google.android.datatransport:transport-runtime:2.2.2] AndroidManifest.xml:32:9-34:40
184            android:name="com.google.android.datatransport.runtime.scheduling.jobscheduling.AlarmManagerSchedulerBroadcastReceiver"
184-->[com.google.android.datatransport:transport-runtime:2.2.2] AndroidManifest.xml:33:13-132
185            android:exported="false" />
185-->[com.google.android.datatransport:transport-runtime:2.2.2] AndroidManifest.xml:34:13-37
186    </application>
187
188</manifest>